<?xml version="1.0" encoding="UTF-8"?>
<testng-results ignored="0" total="2" passed="2" failed="0" skipped="0">
  <reporter-output>
  </reporter-output>
  <suite started-at="2025-04-27T12:24:17 IST" name="Suite" finished-at="2025-04-27T12:24:38 IST" duration-ms="20792">
    <groups>
    </groups>
    <test started-at="2025-04-27T12:24:17 IST" name="Test" finished-at="2025-04-27T12:24:27 IST" duration-ms="9369">
      <class name="com.test.VerifyLoginPage">
        <test-method is-config="true" signature="browserLaunch(java.lang.String)[pri:0, instance:com.test.VerifyLoginPage@49c90a9c]" started-at="2025-04-27T12:24:17 IST" name="browserLaunch" finished-at="2025-04-27T12:24:23 IST" duration-ms="5824" status="PASS">
          <params>
            <param index="0">
              <value>
                <![CDATA[chrome]]>
              </value>
            </param>
          </params>
          <reporter-output>
          </reporter-output>
        </test-method> <!-- browserLaunch -->
        <test-method signature="verifyLoginPage()[pri:0, instance:com.test.VerifyLoginPage@49c90a9c]" started-at="2025-04-27T12:24:23 IST" name="verifyLoginPage" finished-at="2025-04-27T12:24:26 IST" duration-ms="3114" status="PASS">
          <reporter-output>
          </reporter-output>
        </test-method> <!-- verifyLoginPage -->
        <test-method is-config="true" signature="failedScreenshot(org.testng.ITestResult)[pri:0, instance:com.test.VerifyLoginPage@49c90a9c]" started-at="2025-04-27T12:24:26 IST" name="failedScreenshot" finished-at="2025-04-27T12:24:27 IST" duration-ms="323" status="PASS">
          <params>
            <param index="0">
              <value>
                <![CDATA[[TestResult name=verifyLoginPage status=SUCCESS method=VerifyLoginPage.verifyLoginPage()[pri:0, instance:com.test.VerifyLoginPage@49c90a9c] output={null}]]]>
              </value>
            </param>
          </params>
          <reporter-output>
          </reporter-output>
        </test-method> <!-- failedScreenshot -->
      </class> <!-- com.test.VerifyLoginPage -->
    </test> <!-- Test -->
    <test started-at="2025-04-27T12:24:27 IST" name="Test1" finished-at="2025-04-27T12:24:38 IST" duration-ms="10570">
      <class name="com.test.VerifyLoginPage">
        <test-method is-config="true" signature="browserLaunch(java.lang.String)[pri:0, instance:com.test.VerifyLoginPage@4a07d605]" started-at="2025-04-27T12:24:27 IST" name="browserLaunch" finished-at="2025-04-27T12:24:36 IST" duration-ms="8582" status="PASS">
          <params>
            <param index="0">
              <value>
                <![CDATA[firefox]]>
              </value>
            </param>
          </params>
          <reporter-output>
          </reporter-output>
        </test-method> <!-- browserLaunch -->
        <test-method signature="verifyLoginPage()[pri:0, instance:com.test.VerifyLoginPage@4a07d605]" started-at="2025-04-27T12:24:36 IST" name="verifyLoginPage" finished-at="2025-04-27T12:24:38 IST" duration-ms="1800" status="PASS">
          <reporter-output>
          </reporter-output>
        </test-method> <!-- verifyLoginPage -->
        <test-method is-config="true" signature="failedScreenshot(org.testng.ITestResult)[pri:0, instance:com.test.VerifyLoginPage@4a07d605]" started-at="2025-04-27T12:24:38 IST" name="failedScreenshot" finished-at="2025-04-27T12:24:38 IST" duration-ms="174" status="PASS">
          <params>
            <param index="0">
              <value>
                <![CDATA[[TestResult name=verifyLoginPage status=SUCCESS method=VerifyLoginPage.verifyLoginPage()[pri:0, instance:com.test.VerifyLoginPage@4a07d605] output={null}]]]>
              </value>
            </param>
          </params>
          <reporter-output>
          </reporter-output>
        </test-method> <!-- failedScreenshot -->
      </class> <!-- com.test.VerifyLoginPage -->
    </test> <!-- Test1 -->
  </suite> <!-- Suite -->
</testng-results>
