<?xml version="1.0" encoding="UTF-8"?>
<!-- Generated by org.testng.reporters.JUnitXMLReporter -->
<testsuite ignored="0" hostname="LAPTOP-QSDOH0RR" failures="0" tests="4" name="Default test" time="0.088" errors="0" timestamp="2024-11-25T08:01:04 IST">
  <testcase classname="demo.Test1" name="a" time="0.016"/>
  <testcase classname="demo.Test1" name="b" time="0.002"/>
  <testcase classname="demo.Test1" name="c" time="0.001"/>
  <testcase classname="demo.Test1" name="d" time="0.002"/>
</testsuite> <!-- Default test -->
